<?xml version="1.0" encoding="UTF-8"?>
<coverage generated="1780774782066" clover="3.2.0">
  <project timestamp="1780774782066" name="All files">
    <metrics statements="90" coveredstatements="70" conditionals="79" coveredconditionals="45" methods="13" coveredmethods="9" elements="182" coveredelements="124" complexity="0" loc="90" ncloc="90" packages="2" files="6" classes="6"/>
    <package name="models">
      <metrics statements="18" coveredstatements="17" conditionals="0" coveredconditionals="0" methods="1" coveredmethods="0"/>
      <file name="UserNotificationModel.js" path="C:\Users\hamdi\Desktop\PFE\dashboard\local\backend\models\UserNotificationModel.js">
        <metrics statements="4" coveredstatements="4" conditionals="0" coveredconditionals="0" methods="0" coveredmethods="0"/>
        <line num="1" count="1" type="stmt"/>
        <line num="3" count="1" type="stmt"/>
        <line num="46" count="1" type="stmt"/>
        <line num="48" count="1" type="stmt"/>
      </file>
      <file name="alertModel.js" path="C:\Users\hamdi\Desktop\PFE\dashboard\local\backend\models\alertModel.js">
        <metrics statements="3" coveredstatements="3" conditionals="0" coveredconditionals="0" methods="0" coveredmethods="0"/>
        <line num="1" count="1" type="stmt"/>
        <line num="3" count="1" type="stmt"/>
        <line num="37" count="1" type="stmt"/>
      </file>
      <file name="alertRuleModel.js" path="C:\Users\hamdi\Desktop\PFE\dashboard\local\backend\models\alertRuleModel.js">
        <metrics statements="3" coveredstatements="3" conditionals="0" coveredconditionals="0" methods="0" coveredmethods="0"/>
        <line num="1" count="1" type="stmt"/>
        <line num="3" count="1" type="stmt"/>
        <line num="27" count="1" type="stmt"/>
      </file>
      <file name="notificationModel.js" path="C:\Users\hamdi\Desktop\PFE\dashboard\local\backend\models\notificationModel.js">
        <metrics statements="3" coveredstatements="3" conditionals="0" coveredconditionals="0" methods="0" coveredmethods="0"/>
        <line num="1" count="1" type="stmt"/>
        <line num="3" count="1" type="stmt"/>
        <line num="118" count="1" type="stmt"/>
      </file>
      <file name="userModel.js" path="C:\Users\hamdi\Desktop\PFE\dashboard\local\backend\models\userModel.js">
        <metrics statements="5" coveredstatements="4" conditionals="0" coveredconditionals="0" methods="1" coveredmethods="0"/>
        <line num="1" count="1" type="stmt"/>
        <line num="3" count="1" type="stmt"/>
        <line num="51" count="1" type="stmt"/>
        <line num="52" count="0" type="stmt"/>
        <line num="55" count="1" type="stmt"/>
      </file>
    </package>
    <package name="services">
      <metrics statements="72" coveredstatements="53" conditionals="79" coveredconditionals="45" methods="12" coveredmethods="9"/>
      <file name="alertRuleEngine.js" path="C:\Users\hamdi\Desktop\PFE\dashboard\local\backend\services\alertRuleEngine.js">
        <metrics statements="72" coveredstatements="53" conditionals="79" coveredconditionals="45" methods="12" coveredmethods="9"/>
        <line num="1" count="1" type="stmt"/>
        <line num="2" count="1" type="stmt"/>
        <line num="3" count="1" type="stmt"/>
        <line num="4" count="1" type="stmt"/>
        <line num="5" count="1" type="stmt"/>
        <line num="6" count="1" type="stmt"/>
        <line num="9" count="10" type="cond" truecount="7" falsecount="0"/>
        <line num="10" count="4" type="stmt"/>
        <line num="11" count="1" type="stmt"/>
        <line num="12" count="1" type="stmt"/>
        <line num="13" count="1" type="stmt"/>
        <line num="14" count="1" type="stmt"/>
        <line num="15" count="1" type="stmt"/>
        <line num="16" count="1" type="stmt"/>
        <line num="21" count="3" type="stmt"/>
        <line num="26" count="3" type="stmt"/>
        <line num="27" count="2" type="cond" truecount="1" falsecount="3"/>
        <line num="28" count="2" type="cond" truecount="1" falsecount="3"/>
        <line num="29" count="2" type="cond" truecount="1" falsecount="3"/>
        <line num="31" count="2" type="cond" truecount="3" falsecount="0"/>
        <line num="36" count="1" type="cond" truecount="1" falsecount="1"/>
        <line num="37" count="0" type="cond" truecount="0" falsecount="4"/>
        <line num="39" count="0" type="stmt"/>
        <line num="40" count="0" type="stmt"/>
        <line num="44" count="1" type="cond" truecount="1" falsecount="1"/>
        <line num="46" count="1" type="stmt"/>
        <line num="51" count="1" type="stmt"/>
        <line num="55" count="1" type="cond" truecount="2" falsecount="0"/>
        <line num="56" count="1" type="cond" truecount="1" falsecount="1"/>
        <line num="58" count="1" type="stmt"/>
        <line num="59" count="1" type="cond" truecount="1" falsecount="1"/>
        <line num="61" count="0" type="stmt"/>
        <line num="81" count="0" type="stmt"/>
        <line num="89" count="0" type="stmt"/>
        <line num="93" count="0" type="stmt"/>
        <line num="95" count="0" type="cond" truecount="0" falsecount="2"/>
        <line num="96" count="0" type="stmt"/>
        <line num="97" count="0" type="stmt"/>
        <line num="110" count="0" type="stmt"/>
        <line num="111" count="0" type="stmt"/>
        <line num="117" count="1" type="stmt"/>
        <line num="118" count="1" type="stmt"/>
        <line num="119" count="1" type="cond" truecount="1" falsecount="1"/>
        <line num="121" count="0" type="stmt"/>
        <line num="127" count="0" type="cond" truecount="0" falsecount="2"/>
        <line num="129" count="0" type="stmt"/>
        <line num="131" count="0" type="stmt"/>
        <line num="136" count="3" type="cond" truecount="4" falsecount="1"/>
        <line num="137" count="0" type="stmt"/>
        <line num="140" count="3" type="stmt"/>
        <line num="142" count="3" type="stmt"/>
        <line num="149" count="3" type="stmt"/>
        <line num="151" count="3" type="stmt"/>
        <line num="152" count="2" type="stmt"/>
        <line num="153" count="2" type="cond" truecount="2" falsecount="0"/>
        <line num="155" count="1" type="stmt"/>
        <line num="163" count="1" type="stmt"/>
        <line num="165" count="1" type="cond" truecount="3" falsecount="1"/>
        <line num="166" count="0" type="stmt"/>
        <line num="167" count="0" type="stmt"/>
        <line num="170" count="1" type="stmt"/>
        <line num="185" count="1" type="stmt"/>
        <line num="186" count="1" type="stmt"/>
        <line num="188" count="1" type="stmt"/>
        <line num="191" count="3" type="stmt"/>
        <line num="195" count="4" type="cond" truecount="4" falsecount="0"/>
        <line num="197" count="3" type="stmt"/>
        <line num="199" count="3" type="stmt"/>
        <line num="200" count="3" type="stmt"/>
        <line num="208" count="3" type="cond" truecount="2" falsecount="0"/>
        <line num="211" count="3" type="stmt"/>
        <line num="214" count="1" type="stmt"/>
      </file>
    </package>
  </project>
</coverage>
