{"C:\\Users\\hamdi\\Desktop\\PFE\\dashboard\\local\\backend\\models\\UserNotificationModel.js": {"path":"C:\\Users\\hamdi\\Desktop\\PFE\\dashboard\\local\\backend\\models\\UserNotificationModel.js","statementMap":{"0":{"start":{"line":1,"column":17},"end":{"line":1,"column":36}},"1":{"start":{"line":3,"column":31},"end":{"line":44,"column":1}},"2":{"start":{"line":46,"column":0},"end":{"line":46,"column":77}},"3":{"start":{"line":48,"column":0},"end":{"line":48,"column":76}}},"fnMap":{},"branchMap":{},"s":{"0":1,"1":1,"2":1,"3":1},"f":{},"b":{},"_coverageSchema":"1a1c01bbd47fc00a2c39e90264f33305004495a9","hash":"7fad6feb05682ec4252a0167da23a27f9042b9a0"}
,"C:\\Users\\hamdi\\Desktop\\PFE\\dashboard\\local\\backend\\models\\alertModel.js": {"path":"C:\\Users\\hamdi\\Desktop\\PFE\\dashboard\\local\\backend\\models\\alertModel.js","statementMap":{"0":{"start":{"line":1,"column":17},"end":{"line":1,"column":36}},"1":{"start":{"line":3,"column":20},"end":{"line":35,"column":1}},"2":{"start":{"line":37,"column":0},"end":{"line":37,"column":54}}},"fnMap":{},"branchMap":{},"s":{"0":1,"1":1,"2":1},"f":{},"b":{},"_coverageSchema":"1a1c01bbd47fc00a2c39e90264f33305004495a9","hash":"132aa6ffd5a1538043911309b8779ccfd6a0a5dd"}
,"C:\\Users\\hamdi\\Desktop\\PFE\\dashboard\\local\\backend\\models\\alertRuleModel.js": {"path":"C:\\Users\\hamdi\\Desktop\\PFE\\dashboard\\local\\backend\\models\\alertRuleModel.js","statementMap":{"0":{"start":{"line":1,"column":17},"end":{"line":1,"column":36}},"1":{"start":{"line":3,"column":24},"end":{"line":25,"column":1}},"2":{"start":{"line":27,"column":0},"end":{"line":27,"column":62}}},"fnMap":{},"branchMap":{},"s":{"0":1,"1":1,"2":1},"f":{},"b":{},"_coverageSchema":"1a1c01bbd47fc00a2c39e90264f33305004495a9","hash":"2c0f9692e8da83e05b7187556b57fdf59045791a"}
,"C:\\Users\\hamdi\\Desktop\\PFE\\dashboard\\local\\backend\\models\\notificationModel.js": {"path":"C:\\Users\\hamdi\\Desktop\\PFE\\dashboard\\local\\backend\\models\\notificationModel.js","statementMap":{"0":{"start":{"line":1,"column":17},"end":{"line":1,"column":36}},"1":{"start":{"line":3,"column":27},"end":{"line":116,"column":1}},"2":{"start":{"line":118,"column":0},"end":{"line":118,"column":68}}},"fnMap":{},"branchMap":{},"s":{"0":1,"1":1,"2":1},"f":{},"b":{},"_coverageSchema":"1a1c01bbd47fc00a2c39e90264f33305004495a9","hash":"e482772dd98f90e6ad1f9504d6249a253a0e8efc"}
,"C:\\Users\\hamdi\\Desktop\\PFE\\dashboard\\local\\backend\\models\\userModel.js": {"path":"C:\\Users\\hamdi\\Desktop\\PFE\\dashboard\\local\\backend\\models\\userModel.js","statementMap":{"0":{"start":{"line":1,"column":17},"end":{"line":1,"column":36}},"1":{"start":{"line":3,"column":19},"end":{"line":48,"column":1}},"2":{"start":{"line":51,"column":0},"end":{"line":53,"column":3}},"3":{"start":{"line":52,"column":2},"end":{"line":52,"column":46}},"4":{"start":{"line":55,"column":0},"end":{"line":55,"column":52}}},"fnMap":{"0":{"name":"(anonymous_0)","decl":{"start":{"line":51,"column":35},"end":{"line":51,"column":36}},"loc":{"start":{"line":51,"column":47},"end":{"line":53,"column":1}},"line":51}},"branchMap":{},"s":{"0":1,"1":1,"2":1,"3":0,"4":1},"f":{"0":0},"b":{},"_coverageSchema":"1a1c01bbd47fc00a2c39e90264f33305004495a9","hash":"3db3e498dcd7a9f3febd9f83505193c232d582b6"}
,"C:\\Users\\hamdi\\Desktop\\PFE\\dashboard\\local\\backend\\services\\alertRuleEngine.js": {"path":"C:\\Users\\hamdi\\Desktop\\PFE\\dashboard\\local\\backend\\services\\alertRuleEngine.js","statementMap":{"0":{"start":{"line":1,"column":14},"end":{"line":1,"column":45}},"1":{"start":{"line":2,"column":18},"end":{"line":2,"column":53}},"2":{"start":{"line":3,"column":21},"end":{"line":3,"column":59}},"3":{"start":{"line":4,"column":25},"end":{"line":4,"column":67}},"4":{"start":{"line":5,"column":13},"end":{"line":5,"column":43}},"5":{"start":{"line":6,"column":18},"end":{"line":6,"column":45}},"6":{"start":{"line":9,"column":2},"end":{"line":17,"column":3}},"7":{"start":{"line":10,"column":14},"end":{"line":10,"column":39}},"8":{"start":{"line":11,"column":15},"end":{"line":11,"column":41}},"9":{"start":{"line":12,"column":14},"end":{"line":12,"column":39}},"10":{"start":{"line":13,"column":15},"end":{"line":13,"column":41}},"11":{"start":{"line":14,"column":15},"end":{"line":14,"column":42}},"12":{"start":{"line":15,"column":15},"end":{"line":15,"column":42}},"13":{"start":{"line":16,"column":13},"end":{"line":16,"column":26}},"14":{"start":{"line":21,"column":16},"end":{"line":24,"column":28}},"15":{"start":{"line":26,"column":2},"end":{"line":32,"column":5}},"16":{"start":{"line":27,"column":24},"end":{"line":27,"column":86}},"17":{"start":{"line":28,"column":22},"end":{"line":28,"column":78}},"18":{"start":{"line":29,"column":24},"end":{"line":29,"column":86}},"19":{"start":{"line":31,"column":4},"end":{"line":31,"column":51}},"20":{"start":{"line":36,"column":2},"end":{"line":36,"column":35}},"21":{"start":{"line":36,"column":22},"end":{"line":36,"column":35}},"22":{"start":{"line":37,"column":2},"end":{"line":37,"column":53}},"23":{"start":{"line":37,"column":40},"end":{"line":37,"column":53}},"24":{"start":{"line":39,"column":18},"end":{"line":39,"column":95}},"25":{"start":{"line":40,"column":2},"end":{"line":40,"column":31}},"26":{"start":{"line":44,"column":2},"end":{"line":44,"column":28}},"27":{"start":{"line":44,"column":18},"end":{"line":44,"column":28}},"28":{"start":{"line":46,"column":16},"end":{"line":49,"column":18}},"29":{"start":{"line":51,"column":2},"end":{"line":51,"column":33}},"30":{"start":{"line":51,"column":26},"end":{"line":51,"column":31}},"31":{"start":{"line":55,"column":20},"end":{"line":55,"column":59}},"32":{"start":{"line":56,"column":2},"end":{"line":56,"column":25}},"33":{"start":{"line":56,"column":18},"end":{"line":56,"column":25}},"34":{"start":{"line":58,"column":23},"end":{"line":58,"column":65}},"35":{"start":{"line":59,"column":2},"end":{"line":59,"column":35}},"36":{"start":{"line":59,"column":28},"end":{"line":59,"column":35}},"37":{"start":{"line":61,"column":23},"end":{"line":79,"column":4}},"38":{"start":{"line":81,"column":15},"end":{"line":87,"column":5}},"39":{"start":{"line":81,"column":45},"end":{"line":87,"column":3}},"40":{"start":{"line":89,"column":23},"end":{"line":91,"column":4}},"41":{"start":{"line":93,"column":13},"end":{"line":93,"column":20}},"42":{"start":{"line":95,"column":2},"end":{"line":113,"column":3}},"43":{"start":{"line":96,"column":21},"end":{"line":108,"column":60}},"44":{"start":{"line":97,"column":42},"end":{"line":97,"column":47}},"45":{"start":{"line":110,"column":4},"end":{"line":112,"column":5}},"46":{"start":{"line":111,"column":6},"end":{"line":111,"column":66}},"47":{"start":{"line":117,"column":2},"end":{"line":132,"column":3}},"48":{"start":{"line":118,"column":15},"end":{"line":118,"column":22}},"49":{"start":{"line":119,"column":4},"end":{"line":119,"column":20}},"50":{"start":{"line":119,"column":13},"end":{"line":119,"column":20}},"51":{"start":{"line":121,"column":27},"end":{"line":125,"column":70}},"52":{"start":{"line":127,"column":4},"end":{"line":127,"column":32}},"53":{"start":{"line":127,"column":25},"end":{"line":127,"column":32}},"54":{"start":{"line":129,"column":4},"end":{"line":129,"column":41}},"55":{"start":{"line":131,"column":4},"end":{"line":131,"column":68}},"56":{"start":{"line":136,"column":2},"end":{"line":138,"column":3}},"57":{"start":{"line":137,"column":4},"end":{"line":137,"column":14}},"58":{"start":{"line":140,"column":23},"end":{"line":140,"column":36}},"59":{"start":{"line":142,"column":16},"end":{"line":147,"column":4}},"60":{"start":{"line":149,"column":26},"end":{"line":149,"column":28}},"61":{"start":{"line":151,"column":2},"end":{"line":189,"column":3}},"62":{"start":{"line":152,"column":20},"end":{"line":152,"column":77}},"63":{"start":{"line":153,"column":4},"end":{"line":153,"column":27}},"64":{"start":{"line":153,"column":18},"end":{"line":153,"column":27}},"65":{"start":{"line":155,"column":30},"end":{"line":161,"column":30}},"66":{"start":{"line":163,"column":28},"end":{"line":163,"column":91}},"67":{"start":{"line":165,"column":4},"end":{"line":168,"column":5}},"68":{"start":{"line":166,"column":6},"end":{"line":166,"column":46}},"69":{"start":{"line":167,"column":6},"end":{"line":167,"column":15}},"70":{"start":{"line":170,"column":18},"end":{"line":183,"column":6}},"71":{"start":{"line":185,"column":4},"end":{"line":185,"column":34}},"72":{"start":{"line":186,"column":4},"end":{"line":186,"column":69}},"73":{"start":{"line":188,"column":4},"end":{"line":188,"column":32}},"74":{"start":{"line":191,"column":2},"end":{"line":191,"column":25}},"75":{"start":{"line":195,"column":2},"end":{"line":195,"column":55}},"76":{"start":{"line":195,"column":45},"end":{"line":195,"column":55}},"77":{"start":{"line":197,"column":20},"end":{"line":197,"column":22}},"78":{"start":{"line":199,"column":2},"end":{"line":209,"column":3}},"79":{"start":{"line":200,"column":19},"end":{"line":206,"column":6}},"80":{"start":{"line":208,"column":4},"end":{"line":208,"column":49}},"81":{"start":{"line":208,"column":23},"end":{"line":208,"column":49}},"82":{"start":{"line":211,"column":2},"end":{"line":211,"column":19}},"83":{"start":{"line":214,"column":0},"end":{"line":218,"column":2}}},"fnMap":{"0":{"name":"compareValue","decl":{"start":{"line":8,"column":9},"end":{"line":8,"column":21}},"loc":{"start":{"line":8,"column":50},"end":{"line":18,"column":1}},"line":8},"1":{"name":"findApplicableRules","decl":{"start":{"line":20,"column":15},"end":{"line":20,"column":34}},"loc":{"start":{"line":20,"column":75},"end":{"line":33,"column":1}},"line":20},"2":{"name":"(anonymous_2)","decl":{"start":{"line":26,"column":22},"end":{"line":26,"column":23}},"loc":{"start":{"line":26,"column":32},"end":{"line":32,"column":3}},"line":26},"3":{"name":"shouldSkipByCooldown","decl":{"start":{"line":35,"column":15},"end":{"line":35,"column":35}},"loc":{"start":{"line":35,"column":64},"end":{"line":41,"column":1}},"line":35},"4":{"name":"getNotificationRecipients","decl":{"start":{"line":43,"column":15},"end":{"line":43,"column":40}},"loc":{"start":{"line":43,"column":52},"end":{"line":52,"column":1}},"line":43},"5":{"name":"(anonymous_5)","decl":{"start":{"line":51,"column":19},"end":{"line":51,"column":20}},"loc":{"start":{"line":51,"column":26},"end":{"line":51,"column":31}},"line":51},"6":{"name":"createAlertNotification","decl":{"start":{"line":54,"column":15},"end":{"line":54,"column":38}},"loc":{"start":{"line":54,"column":74},"end":{"line":114,"column":1}},"line":54},"7":{"name":"(anonymous_7)","decl":{"start":{"line":81,"column":32},"end":{"line":81,"column":33}},"loc":{"start":{"line":81,"column":45},"end":{"line":87,"column":3}},"line":81},"8":{"name":"(anonymous_8)","decl":{"start":{"line":97,"column":35},"end":{"line":97,"column":36}},"loc":{"start":{"line":97,"column":42},"end":{"line":97,"column":47}},"line":97},"9":{"name":"emitNewAlert","decl":{"start":{"line":116,"column":15},"end":{"line":116,"column":27}},"loc":{"start":{"line":116,"column":37},"end":{"line":133,"column":1}},"line":116},"10":{"name":"evaluateMetric","decl":{"start":{"line":135,"column":15},"end":{"line":135,"column":29}},"loc":{"start":{"line":135,"column":71},"end":{"line":192,"column":1}},"line":135},"11":{"name":"evaluateValues","decl":{"start":{"line":194,"column":15},"end":{"line":194,"column":29}},"loc":{"start":{"line":194,"column":64},"end":{"line":212,"column":1}},"line":194}},"branchMap":{"0":{"loc":{"start":{"line":9,"column":2},"end":{"line":17,"column":3}},"type":"switch","locations":[{"start":{"line":10,"column":4},"end":{"line":10,"column":39}},{"start":{"line":11,"column":4},"end":{"line":11,"column":41}},{"start":{"line":12,"column":4},"end":{"line":12,"column":39}},{"start":{"line":13,"column":4},"end":{"line":13,"column":41}},{"start":{"line":14,"column":4},"end":{"line":14,"column":42}},{"start":{"line":15,"column":4},"end":{"line":15,"column":42}},{"start":{"line":16,"column":4},"end":{"line":16,"column":26}}],"line":9},"1":{"loc":{"start":{"line":27,"column":24},"end":{"line":27,"column":86}},"type":"binary-expr","locations":[{"start":{"line":27,"column":24},"end":{"line":27,"column":36}},{"start":{"line":27,"column":40},"end":{"line":27,"column":86}}],"line":27},"2":{"loc":{"start":{"line":27,"column":71},"end":{"line":27,"column":85}},"type":"binary-expr","locations":[{"start":{"line":27,"column":71},"end":{"line":27,"column":79}},{"start":{"line":27,"column":83},"end":{"line":27,"column":85}}],"line":27},"3":{"loc":{"start":{"line":28,"column":22},"end":{"line":28,"column":78}},"type":"binary-expr","locations":[{"start":{"line":28,"column":22},"end":{"line":28,"column":32}},{"start":{"line":28,"column":36},"end":{"line":28,"column":78}}],"line":28},"4":{"loc":{"start":{"line":28,"column":65},"end":{"line":28,"column":77}},"type":"binary-expr","locations":[{"start":{"line":28,"column":65},"end":{"line":28,"column":71}},{"start":{"line":28,"column":75},"end":{"line":28,"column":77}}],"line":28},"5":{"loc":{"start":{"line":29,"column":24},"end":{"line":29,"column":86}},"type":"binary-expr","locations":[{"start":{"line":29,"column":24},"end":{"line":29,"column":36}},{"start":{"line":29,"column":40},"end":{"line":29,"column":86}}],"line":29},"6":{"loc":{"start":{"line":29,"column":71},"end":{"line":29,"column":85}},"type":"binary-expr","locations":[{"start":{"line":29,"column":71},"end":{"line":29,"column":79}},{"start":{"line":29,"column":83},"end":{"line":29,"column":85}}],"line":29},"7":{"loc":{"start":{"line":31,"column":11},"end":{"line":31,"column":50}},"type":"binary-expr","locations":[{"start":{"line":31,"column":11},"end":{"line":31,"column":22}},{"start":{"line":31,"column":26},"end":{"line":31,"column":35}},{"start":{"line":31,"column":39},"end":{"line":31,"column":50}}],"line":31},"8":{"loc":{"start":{"line":36,"column":2},"end":{"line":36,"column":35}},"type":"if","locations":[{"start":{"line":36,"column":2},"end":{"line":36,"column":35}},{"start":{},"end":{}}],"line":36},"9":{"loc":{"start":{"line":37,"column":2},"end":{"line":37,"column":53}},"type":"if","locations":[{"start":{"line":37,"column":2},"end":{"line":37,"column":53}},{"start":{},"end":{}}],"line":37},"10":{"loc":{"start":{"line":37,"column":6},"end":{"line":37,"column":38}},"type":"binary-expr","locations":[{"start":{"line":37,"column":6},"end":{"line":37,"column":18}},{"start":{"line":37,"column":22},"end":{"line":37,"column":38}}],"line":37},"11":{"loc":{"start":{"line":44,"column":2},"end":{"line":44,"column":28}},"type":"if","locations":[{"start":{"line":44,"column":2},"end":{"line":44,"column":28}},{"start":{},"end":{}}],"line":44},"12":{"loc":{"start":{"line":55,"column":20},"end":{"line":55,"column":59}},"type":"binary-expr","locations":[{"start":{"line":55,"column":20},"end":{"line":55,"column":40}},{"start":{"line":55,"column":44},"end":{"line":55,"column":59}}],"line":55},"13":{"loc":{"start":{"line":56,"column":2},"end":{"line":56,"column":25}},"type":"if","locations":[{"start":{"line":56,"column":2},"end":{"line":56,"column":25}},{"start":{},"end":{}}],"line":56},"14":{"loc":{"start":{"line":59,"column":2},"end":{"line":59,"column":35}},"type":"if","locations":[{"start":{"line":59,"column":2},"end":{"line":59,"column":35}},{"start":{},"end":{}}],"line":59},"15":{"loc":{"start":{"line":69,"column":12},"end":{"line":69,"column":31}},"type":"binary-expr","locations":[{"start":{"line":69,"column":12},"end":{"line":69,"column":23}},{"start":{"line":69,"column":27},"end":{"line":69,"column":31}}],"line":69},"16":{"loc":{"start":{"line":70,"column":10},"end":{"line":70,"column":22}},"type":"binary-expr","locations":[{"start":{"line":70,"column":10},"end":{"line":70,"column":14}},{"start":{"line":70,"column":18},"end":{"line":70,"column":22}}],"line":70},"17":{"loc":{"start":{"line":71,"column":10},"end":{"line":71,"column":27}},"type":"binary-expr","locations":[{"start":{"line":71,"column":10},"end":{"line":71,"column":19}},{"start":{"line":71,"column":23},"end":{"line":71,"column":27}}],"line":71},"18":{"loc":{"start":{"line":77,"column":14},"end":{"line":77,"column":28}},"type":"binary-expr","locations":[{"start":{"line":77,"column":14},"end":{"line":77,"column":20}},{"start":{"line":77,"column":24},"end":{"line":77,"column":28}}],"line":77},"19":{"loc":{"start":{"line":95,"column":2},"end":{"line":113,"column":3}},"type":"if","locations":[{"start":{"line":95,"column":2},"end":{"line":113,"column":3}},{"start":{},"end":{}}],"line":95},"20":{"loc":{"start":{"line":119,"column":4},"end":{"line":119,"column":20}},"type":"if","locations":[{"start":{"line":119,"column":4},"end":{"line":119,"column":20}},{"start":{},"end":{}}],"line":119},"21":{"loc":{"start":{"line":127,"column":4},"end":{"line":127,"column":32}},"type":"if","locations":[{"start":{"line":127,"column":4},"end":{"line":127,"column":32}},{"start":{},"end":{}}],"line":127},"22":{"loc":{"start":{"line":136,"column":2},"end":{"line":138,"column":3}},"type":"if","locations":[{"start":{"line":136,"column":2},"end":{"line":138,"column":3}},{"start":{},"end":{}}],"line":136},"23":{"loc":{"start":{"line":136,"column":6},"end":{"line":136,"column":74}},"type":"binary-expr","locations":[{"start":{"line":136,"column":6},"end":{"line":136,"column":25}},{"start":{"line":136,"column":29},"end":{"line":136,"column":43}},{"start":{"line":136,"column":47},"end":{"line":136,"column":74}}],"line":136},"24":{"loc":{"start":{"line":153,"column":4},"end":{"line":153,"column":27}},"type":"if","locations":[{"start":{"line":153,"column":4},"end":{"line":153,"column":27}},{"start":{},"end":{}}],"line":153},"25":{"loc":{"start":{"line":157,"column":14},"end":{"line":157,"column":38}},"type":"binary-expr","locations":[{"start":{"line":157,"column":14},"end":{"line":157,"column":25}},{"start":{"line":157,"column":29},"end":{"line":157,"column":38}}],"line":157},"26":{"loc":{"start":{"line":158,"column":12},"end":{"line":158,"column":29}},"type":"binary-expr","locations":[{"start":{"line":158,"column":12},"end":{"line":158,"column":16}},{"start":{"line":158,"column":20},"end":{"line":158,"column":29}}],"line":158},"27":{"loc":{"start":{"line":159,"column":14},"end":{"line":159,"column":33}},"type":"binary-expr","locations":[{"start":{"line":159,"column":14},"end":{"line":159,"column":20}},{"start":{"line":159,"column":24},"end":{"line":159,"column":33}}],"line":159},"28":{"loc":{"start":{"line":165,"column":4},"end":{"line":168,"column":5}},"type":"if","locations":[{"start":{"line":165,"column":4},"end":{"line":168,"column":5}},{"start":{},"end":{}}],"line":165},"29":{"loc":{"start":{"line":165,"column":8},"end":{"line":165,"column":44}},"type":"binary-expr","locations":[{"start":{"line":165,"column":8},"end":{"line":165,"column":23}},{"start":{"line":165,"column":27},"end":{"line":165,"column":44}}],"line":165},"30":{"loc":{"start":{"line":175,"column":12},"end":{"line":175,"column":29}},"type":"binary-expr","locations":[{"start":{"line":175,"column":12},"end":{"line":175,"column":16}},{"start":{"line":175,"column":20},"end":{"line":175,"column":29}}],"line":175},"31":{"loc":{"start":{"line":176,"column":14},"end":{"line":176,"column":38}},"type":"binary-expr","locations":[{"start":{"line":176,"column":14},"end":{"line":176,"column":25}},{"start":{"line":176,"column":29},"end":{"line":176,"column":38}}],"line":176},"32":{"loc":{"start":{"line":177,"column":14},"end":{"line":177,"column":33}},"type":"binary-expr","locations":[{"start":{"line":177,"column":14},"end":{"line":177,"column":20}},{"start":{"line":177,"column":24},"end":{"line":177,"column":33}}],"line":177},"33":{"loc":{"start":{"line":195,"column":2},"end":{"line":195,"column":55}},"type":"if","locations":[{"start":{"line":195,"column":2},"end":{"line":195,"column":55}},{"start":{},"end":{}}],"line":195},"34":{"loc":{"start":{"line":195,"column":6},"end":{"line":195,"column":43}},"type":"binary-expr","locations":[{"start":{"line":195,"column":6},"end":{"line":195,"column":13}},{"start":{"line":195,"column":17},"end":{"line":195,"column":43}}],"line":195},"35":{"loc":{"start":{"line":208,"column":4},"end":{"line":208,"column":49}},"type":"if","locations":[{"start":{"line":208,"column":4},"end":{"line":208,"column":49}},{"start":{},"end":{}}],"line":208}},"s":{"0":1,"1":1,"2":1,"3":1,"4":1,"5":1,"6":10,"7":4,"8":1,"9":1,"10":1,"11":1,"12":1,"13":1,"14":3,"15":3,"16":2,"17":2,"18":2,"19":2,"20":1,"21":1,"22":0,"23":0,"24":0,"25":0,"26":1,"27":0,"28":1,"29":1,"30":0,"31":1,"32":1,"33":0,"34":1,"35":1,"36":1,"37":0,"38":0,"39":0,"40":0,"41":0,"42":0,"43":0,"44":0,"45":0,"46":0,"47":1,"48":1,"49":1,"50":1,"51":0,"52":0,"53":0,"54":0,"55":0,"56":3,"57":0,"58":3,"59":3,"60":3,"61":3,"62":2,"63":2,"64":1,"65":1,"66":1,"67":1,"68":0,"69":0,"70":1,"71":1,"72":1,"73":1,"74":3,"75":4,"76":1,"77":3,"78":3,"79":3,"80":3,"81":1,"82":3,"83":1},"f":{"0":10,"1":3,"2":2,"3":1,"4":1,"5":0,"6":1,"7":0,"8":0,"9":1,"10":3,"11":4},"b":{"0":[4,1,1,1,1,1,1],"1":[2,0],"2":[0,0],"3":[2,0],"4":[0,0],"5":[2,0],"6":[0,0],"7":[2,2,2],"8":[1,0],"9":[0,0],"10":[0,0],"11":[0,1],"12":[1,1],"13":[0,1],"14":[1,0],"15":[0,0],"16":[0,0],"17":[0,0],"18":[0,0],"19":[0,0],"20":[1,0],"21":[0,0],"22":[0,3],"23":[3,3,3],"24":[1,1],"25":[1,0],"26":[1,1],"27":[1,1],"28":[0,1],"29":[1,1],"30":[1,1],"31":[1,0],"32":[1,1],"33":[1,3],"34":[4,3],"35":[1,2]},"_coverageSchema":"1a1c01bbd47fc00a2c39e90264f33305004495a9","hash":"46ddb32fb3f646d8ba8434961b3620b04ac540f1"}
}
