TN:
SF:models\UserNotificationModel.js
FNF:0
FNH:0
DA:1,1
DA:3,1
DA:46,1
DA:48,1
LF:4
LH:4
BRF:0
BRH:0
end_of_record
TN:
SF:models\alertModel.js
FNF:0
FNH:0
DA:1,1
DA:3,1
DA:37,1
LF:3
LH:3
BRF:0
BRH:0
end_of_record
TN:
SF:models\alertRuleModel.js
FNF:0
FNH:0
DA:1,1
DA:3,1
DA:27,1
LF:3
LH:3
BRF:0
BRH:0
end_of_record
TN:
SF:models\notificationModel.js
FNF:0
FNH:0
DA:1,1
DA:3,1
DA:118,1
LF:3
LH:3
BRF:0
BRH:0
end_of_record
TN:
SF:models\userModel.js
FN:51,(anonymous_0)
FNF:1
FNH:0
FNDA:0,(anonymous_0)
DA:1,1
DA:3,1
DA:51,1
DA:52,0
DA:55,1
LF:5
LH:4
BRF:0
BRH:0
end_of_record
TN:
SF:services\alertRuleEngine.js
FN:8,compareValue
FN:20,findApplicableRules
FN:26,(anonymous_2)
FN:35,shouldSkipByCooldown
FN:43,getNotificationRecipients
FN:51,(anonymous_5)
FN:54,createAlertNotification
FN:81,(anonymous_7)
FN:97,(anonymous_8)
FN:116,emitNewAlert
FN:135,evaluateMetric
FN:194,evaluateValues
FNF:12
FNH:9
FNDA:10,compareValue
FNDA:3,findApplicableRules
FNDA:2,(anonymous_2)
FNDA:1,shouldSkipByCooldown
FNDA:1,getNotificationRecipients
FNDA:0,(anonymous_5)
FNDA:1,createAlertNotification
FNDA:0,(anonymous_7)
FNDA:0,(anonymous_8)
FNDA:1,emitNewAlert
FNDA:3,evaluateMetric
FNDA:4,evaluateValues
DA:1,1
DA:2,1
DA:3,1
DA:4,1
DA:5,1
DA:6,1
DA:9,10
DA:10,4
DA:11,1
DA:12,1
DA:13,1
DA:14,1
DA:15,1
DA:16,1
DA:21,3
DA:26,3
DA:27,2
DA:28,2
DA:29,2
DA:31,2
DA:36,1
DA:37,0
DA:39,0
DA:40,0
DA:44,1
DA:46,1
DA:51,1
DA:55,1
DA:56,1
DA:58,1
DA:59,1
DA:61,0
DA:81,0
DA:89,0
DA:93,0
DA:95,0
DA:96,0
DA:97,0
DA:110,0
DA:111,0
DA:117,1
DA:118,1
DA:119,1
DA:121,0
DA:127,0
DA:129,0
DA:131,0
DA:136,3
DA:137,0
DA:140,3
DA:142,3
DA:149,3
DA:151,3
DA:152,2
DA:153,2
DA:155,1
DA:163,1
DA:165,1
DA:166,0
DA:167,0
DA:170,1
DA:185,1
DA:186,1
DA:188,1
DA:191,3
DA:195,4
DA:197,3
DA:199,3
DA:200,3
DA:208,3
DA:211,3
DA:214,1
LF:72
LH:53
BRDA:9,0,0,4
BRDA:9,0,1,1
BRDA:9,0,2,1
BRDA:9,0,3,1
BRDA:9,0,4,1
BRDA:9,0,5,1
BRDA:9,0,6,1
BRDA:27,1,0,2
BRDA:27,1,1,0
BRDA:27,2,0,0
BRDA:27,2,1,0
BRDA:28,3,0,2
BRDA:28,3,1,0
BRDA:28,4,0,0
BRDA:28,4,1,0
BRDA:29,5,0,2
BRDA:29,5,1,0
BRDA:29,6,0,0
BRDA:29,6,1,0
BRDA:31,7,0,2
BRDA:31,7,1,2
BRDA:31,7,2,2
BRDA:36,8,0,1
BRDA:36,8,1,0
BRDA:37,9,0,0
BRDA:37,9,1,0
BRDA:37,10,0,0
BRDA:37,10,1,0
BRDA:44,11,0,0
BRDA:44,11,1,1
BRDA:55,12,0,1
BRDA:55,12,1,1
BRDA:56,13,0,0
BRDA:56,13,1,1
BRDA:59,14,0,1
BRDA:59,14,1,0
BRDA:69,15,0,0
BRDA:69,15,1,0
BRDA:70,16,0,0
BRDA:70,16,1,0
BRDA:71,17,0,0
BRDA:71,17,1,0
BRDA:77,18,0,0
BRDA:77,18,1,0
BRDA:95,19,0,0
BRDA:95,19,1,0
BRDA:119,20,0,1
BRDA:119,20,1,0
BRDA:127,21,0,0
BRDA:127,21,1,0
BRDA:136,22,0,0
BRDA:136,22,1,3
BRDA:136,23,0,3
BRDA:136,23,1,3
BRDA:136,23,2,3
BRDA:153,24,0,1
BRDA:153,24,1,1
BRDA:157,25,0,1
BRDA:157,25,1,0
BRDA:158,26,0,1
BRDA:158,26,1,1
BRDA:159,27,0,1
BRDA:159,27,1,1
BRDA:165,28,0,0
BRDA:165,28,1,1
BRDA:165,29,0,1
BRDA:165,29,1,1
BRDA:175,30,0,1
BRDA:175,30,1,1
BRDA:176,31,0,1
BRDA:176,31,1,0
BRDA:177,32,0,1
BRDA:177,32,1,1
BRDA:195,33,0,1
BRDA:195,33,1,3
BRDA:195,34,0,4
BRDA:195,34,1,3
BRDA:208,35,0,1
BRDA:208,35,1,2
BRF:79
BRH:45
end_of_record
